Loading model, tokenizer, processor...
Freezing all parameters...
Applying LoRA to language model...
Trainable parameters:
	base_model.model.model.language_model.layers.0.self_attn.q_proj.lora_A.default.weight
	base_model.model.model.language_model.layers.0.self_attn.q_proj.lora_B.default.weight
	base_model.model.model.language_model.layers.0.self_attn.k_proj.lora_A.default.weight
	base_model.model.model.language_model.layers.0.self_attn.k_proj.lora_B.default.weight
	base_model.model.model.language_model.layers.0.self_attn.v_proj.lora_A.default.weight
	base_model.model.model.language_model.layers.0.self_attn.v_proj.lora_B.default.weight
	base_model.model.model.language_model.layers.0.self_attn.o_proj.lora_A.default.weight
	base_model.model.model.language_model.layers.0.self_attn.o_proj.lora_B.default.weight
	base_model.model.model.language_model.layers.0.mlp.gate_proj.lora_A.default.weight
	base_model.model.model.language_model.layers.0.mlp.gate_proj.lora_B.default.weight
	base_model.model.model.language_model.layers.0.mlp.up_proj.lora_A.default.weight
	base_model.model.model.language_model.layers.0.mlp.up_proj.lora_B.default.weight
	base_model.model.model.language_model.layers.0.mlp.down_proj.lora_A.default.weight
	base_model.model.model.language_model.layers.0.mlp.down_proj.lora_B.default.weight
	base_model.model.model.language_model.layers.1.self_attn.q_proj.lora_A.default.weight
	base_model.model.model.language_model.layers.1.self_attn.q_proj.lora_B.default.weight
	base_model.model.model.language_model.layers.1.self_attn.k_proj.lora_A.default.weight
	base_model.model.model.language_model.layers.1.self_attn.k_proj.lora_B.default.weight
	base_model.model.model.language_model.layers.1.self_attn.v_proj.lora_A.default.weight
	base_model.model.model.language_model.layers.1.self_attn.v_proj.lora_B.default.weight
	base_model.model.model.language_model.layers.1.self_attn.o_proj.lora_A.default.weight
	base_model.model.model.language_model.layers.1.self_attn.o_proj.lora_B.default.weight
	base_model.model.model.language_model.layers.1.mlp.gate_proj.lora_A.default.weight
	base_model.model.model.language_model.layers.1.mlp.gate_proj.lora_B.default.weight
	base_model.model.model.language_model.layers.1.mlp.up_proj.lora_A.default.weight
	base_model.model.model.language_model.layers.1.mlp.up_proj.lora_B.default.weight
	base_model.model.model.language_model.layers.1.mlp.down_proj.lora_A.default.weight
	base_model.model.model.language_model.layers.1.mlp.down_proj.lora_B.default.weight
	base_model.model.model.language_model.layers.2.self_attn.q_proj.lora_A.default.weight
	base_model.model.model.language_model.layers.2.self_attn.q_proj.lora_B.default.weight
	base_model.model.model.language_model.layers.2.self_attn.k_proj.lora_A.default.weight
	base_model.model.model.language_model.layers.2.self_attn.k_proj.lora_B.default.weight
	base_model.model.model.language_model.layers.2.self_attn.v_proj.lora_A.default.weight
	base_model.model.model.language_model.layers.2.self_attn.v_proj.lora_B.default.weight
	base_model.model.model.language_model.layers.2.self_attn.o_proj.lora_A.default.weight
	base_model.model.model.language_model.layers.2.self_attn.o_proj.lora_B.default.weight
	base_model.model.model.language_model.layers.2.mlp.gate_proj.lora_A.default.weight
	base_model.model.model.language_model.layers.2.mlp.gate_proj.lora_B.default.weight
	base_model.model.model.language_model.layers.2.mlp.up_proj.lora_A.default.weight
	base_model.model.model.language_model.layers.2.mlp.up_proj.lora_B.default.weight
	base_model.model.model.language_model.layers.2.mlp.down_proj.lora_A.default.weight
	base_model.model.model.language_model.layers.2.mlp.down_proj.lora_B.default.weight
	base_model.model.model.language_model.layers.3.self_attn.q_proj.lora_A.default.weight
	base_model.model.model.language_model.layers.3.self_attn.q_proj.lora_B.default.weight
	base_model.model.model.language_model.layers.3.self_attn.k_proj.lora_A.default.weight
	base_model.model.model.language_model.layers.3.self_attn.k_proj.lora_B.default.weight
	base_model.model.model.language_model.layers.3.self_attn.v_proj.lora_A.default.weight
	base_model.model.model.language_model.layers.3.self_attn.v_proj.lora_B.default.weight
	base_model.model.model.language_model.layers.3.self_attn.o_proj.lora_A.default.weight
	base_model.model.model.language_model.layers.3.self_attn.o_proj.lora_B.default.weight
	base_model.model.model.language_model.layers.3.mlp.gate_proj.lora_A.default.weight
	base_model.model.model.language_model.layers.3.mlp.gate_proj.lora_B.default.weight
	base_model.model.model.language_model.layers.3.mlp.up_proj.lora_A.default.weight
	base_model.model.model.language_model.layers.3.mlp.up_proj.lora_B.default.weight
	base_model.model.model.language_model.layers.3.mlp.down_proj.lora_A.default.weight
	base_model.model.model.language_model.layers.3.mlp.down_proj.lora_B.default.weight
	base_model.model.model.language_model.layers.4.self_attn.q_proj.lora_A.default.weight
	base_model.model.model.language_model.layers.4.self_attn.q_proj.lora_B.default.weight
	base_model.model.model.language_model.layers.4.self_attn.k_proj.lora_A.default.weight
	base_model.model.model.language_model.layers.4.self_attn.k_proj.lora_B.default.weight
	base_model.model.model.language_model.layers.4.self_attn.v_proj.lora_A.default.weight
	base_model.model.model.language_model.layers.4.self_attn.v_proj.lora_B.default.weight
	base_model.model.model.language_model.layers.4.self_attn.o_proj.lora_A.default.weight
	base_model.model.model.language_model.layers.4.self_attn.o_proj.lora_B.default.weight
	base_model.model.model.language_model.layers.4.mlp.gate_proj.lora_A.default.weight
	base_model.model.model.language_model.layers.4.mlp.gate_proj.lora_B.default.weight
	base_model.model.model.language_model.layers.4.mlp.up_proj.lora_A.default.weight
	base_model.model.model.language_model.layers.4.mlp.up_proj.lora_B.default.weight
	base_model.model.model.language_model.layers.4.mlp.down_proj.lora_A.default.weight
	base_model.model.model.language_model.layers.4.mlp.down_proj.lora_B.default.weight
	base_model.model.model.language_model.layers.5.self_attn.q_proj.lora_A.default.weight
	base_model.model.model.language_model.layers.5.self_attn.q_proj.lora_B.default.weight
	base_model.model.model.language_model.layers.5.self_attn.k_proj.lora_A.default.weight
	base_model.model.model.language_model.layers.5.self_attn.k_proj.lora_B.default.weight
	base_model.model.model.language_model.layers.5.self_attn.v_proj.lora_A.default.weight
	base_model.model.model.language_model.layers.5.self_attn.v_proj.lora_B.default.weight
	base_model.model.model.language_model.layers.5.self_attn.o_proj.lora_A.default.weight
	base_model.model.model.language_model.layers.5.self_attn.o_proj.lora_B.default.weight
	base_model.model.model.language_model.layers.5.mlp.gate_proj.lora_A.default.weight
	base_model.model.model.language_model.layers.5.mlp.gate_proj.lora_B.default.weight
	base_model.model.model.language_model.layers.5.mlp.up_proj.lora_A.default.weight
	base_model.model.model.language_model.layers.5.mlp.up_proj.lora_B.default.weight
	base_model.model.model.language_model.layers.5.mlp.down_proj.lora_A.default.weight
	base_model.model.model.language_model.layers.5.mlp.down_proj.lora_B.default.weight
	base_model.model.model.language_model.layers.6.self_attn.q_proj.lora_A.default.weight
	base_model.model.model.language_model.layers.6.self_attn.q_proj.lora_B.default.weight
	base_model.model.model.language_model.layers.6.self_attn.k_proj.lora_A.default.weight
	base_model.model.model.language_model.layers.6.self_attn.k_proj.lora_B.default.weight
	base_model.model.model.language_model.layers.6.self_attn.v_proj.lora_A.default.weight
	base_model.model.model.language_model.layers.6.self_attn.v_proj.lora_B.default.weight
	base_model.model.model.language_model.layers.6.self_attn.o_proj.lora_A.default.weight
	base_model.model.model.language_model.layers.6.self_attn.o_proj.lora_B.default.weight
	base_model.model.model.language_model.layers.6.mlp.gate_proj.lora_A.default.weight
	base_model.model.model.language_model.layers.6.mlp.gate_proj.lora_B.default.weight
	base_model.model.model.language_model.layers.6.mlp.up_proj.lora_A.default.weight
	base_model.model.model.language_model.layers.6.mlp.up_proj.lora_B.default.weight
	base_model.model.model.language_model.layers.6.mlp.down_proj.lora_A.default.weight
	base_model.model.model.language_model.layers.6.mlp.down_proj.lora_B.default.weight
	base_model.model.model.language_model.layers.7.self_attn.q_proj.lora_A.default.weight
	base_model.model.model.language_model.layers.7.self_attn.q_proj.lora_B.default.weight
	base_model.model.model.language_model.layers.7.self_attn.k_proj.lora_A.default.weight
	base_model.model.model.language_model.layers.7.self_attn.k_proj.lora_B.default.weight
	base_model.model.model.language_model.layers.7.self_attn.v_proj.lora_A.default.weight
	base_model.model.model.language_model.layers.7.self_attn.v_proj.lora_B.default.weight
	base_model.model.model.language_model.layers.7.self_attn.o_proj.lora_A.default.weight
	base_model.model.model.language_model.layers.7.self_attn.o_proj.lora_B.default.weight
	base_model.model.model.language_model.layers.7.mlp.gate_proj.lora_A.default.weight
	base_model.model.model.language_model.layers.7.mlp.gate_proj.lora_B.default.weight
	base_model.model.model.language_model.layers.7.mlp.up_proj.lora_A.default.weight
	base_model.model.model.language_model.layers.7.mlp.up_proj.lora_B.default.weight
	base_model.model.model.language_model.layers.7.mlp.down_proj.lora_A.default.weight
	base_model.model.model.language_model.layers.7.mlp.down_proj.lora_B.default.weight
	base_model.model.model.language_model.layers.8.self_attn.q_proj.lora_A.default.weight
	base_model.model.model.language_model.layers.8.self_attn.q_proj.lora_B.default.weight
	base_model.model.model.language_model.layers.8.self_attn.k_proj.lora_A.default.weight
	base_model.model.model.language_model.layers.8.self_attn.k_proj.lora_B.default.weight
	base_model.model.model.language_model.layers.8.self_attn.v_proj.lora_A.default.weight
	base_model.model.model.language_model.layers.8.self_attn.v_proj.lora_B.default.weight
	base_model.model.model.language_model.layers.8.self_attn.o_proj.lora_A.default.weight
	base_model.model.model.language_model.layers.8.self_attn.o_proj.lora_B.default.weight
	base_model.model.model.language_model.layers.8.mlp.gate_proj.lora_A.default.weight
	base_model.model.model.language_model.layers.8.mlp.gate_proj.lora_B.default.weight
	base_model.model.model.language_model.layers.8.mlp.up_proj.lora_A.default.weight
	base_model.model.model.language_model.layers.8.mlp.up_proj.lora_B.default.weight
	base_model.model.model.language_model.layers.8.mlp.down_proj.lora_A.default.weight
	base_model.model.model.language_model.layers.8.mlp.down_proj.lora_B.default.weight
	base_model.model.model.language_model.layers.9.self_attn.q_proj.lora_A.default.weight
	base_model.model.model.language_model.layers.9.self_attn.q_proj.lora_B.default.weight
	base_model.model.model.language_model.layers.9.self_attn.k_proj.lora_A.default.weight
	base_model.model.model.language_model.layers.9.self_attn.k_proj.lora_B.default.weight
	base_model.model.model.language_model.layers.9.self_attn.v_proj.lora_A.default.weight
	base_model.model.model.language_model.layers.9.self_attn.v_proj.lora_B.default.weight
	base_model.model.model.language_model.layers.9.self_attn.o_proj.lora_A.default.weight
	base_model.model.model.language_model.layers.9.self_attn.o_proj.lora_B.default.weight
	base_model.model.model.language_model.layers.9.mlp.gate_proj.lora_A.default.weight
	base_model.model.model.language_model.layers.9.mlp.gate_proj.lora_B.default.weight
	base_model.model.model.language_model.layers.9.mlp.up_proj.lora_A.default.weight
	base_model.model.model.language_model.layers.9.mlp.up_proj.lora_B.default.weight
	base_model.model.model.language_model.layers.9.mlp.down_proj.lora_A.default.weight
	base_model.model.model.language_model.layers.9.mlp.down_proj.lora_B.default.weight
	base_model.model.model.language_model.layers.10.self_attn.q_proj.lora_A.default.weight
	base_model.model.model.language_model.layers.10.self_attn.q_proj.lora_B.default.weight
	base_model.model.model.language_model.layers.10.self_attn.k_proj.lora_A.default.weight
	base_model.model.model.language_model.layers.10.self_attn.k_proj.lora_B.default.weight
	base_model.model.model.language_model.layers.10.self_attn.v_proj.lora_A.default.weight
	base_model.model.model.language_model.layers.10.self_attn.v_proj.lora_B.default.weight
	base_model.model.model.language_model.layers.10.self_attn.o_proj.lora_A.default.weight
	base_model.model.model.language_model.layers.10.self_attn.o_proj.lora_B.default.weight
	base_model.model.model.language_model.layers.10.mlp.gate_proj.lora_A.default.weight
	base_model.model.model.language_model.layers.10.mlp.gate_proj.lora_B.default.weight
	base_model.model.model.language_model.layers.10.mlp.up_proj.lora_A.default.weight
	base_model.model.model.language_model.layers.10.mlp.up_proj.lora_B.default.weight
	base_model.model.model.language_model.layers.10.mlp.down_proj.lora_A.default.weight
	base_model.model.model.language_model.layers.10.mlp.down_proj.lora_B.default.weight
	base_model.model.model.language_model.layers.11.self_attn.q_proj.lora_A.default.weight
	base_model.model.model.language_model.layers.11.self_attn.q_proj.lora_B.default.weight
	base_model.model.model.language_model.layers.11.self_attn.k_proj.lora_A.default.weight
	base_model.model.model.language_model.layers.11.self_attn.k_proj.lora_B.default.weight
	base_model.model.model.language_model.layers.11.self_attn.v_proj.lora_A.default.weight
	base_model.model.model.language_model.layers.11.self_attn.v_proj.lora_B.default.weight
	base_model.model.model.language_model.layers.11.self_attn.o_proj.lora_A.default.weight
	base_model.model.model.language_model.layers.11.self_attn.o_proj.lora_B.default.weight
	base_model.model.model.language_model.layers.11.mlp.gate_proj.lora_A.default.weight
	base_model.model.model.language_model.layers.11.mlp.gate_proj.lora_B.default.weight
	base_model.model.model.language_model.layers.11.mlp.up_proj.lora_A.default.weight
	base_model.model.model.language_model.layers.11.mlp.up_proj.lora_B.default.weight
	base_model.model.model.language_model.layers.11.mlp.down_proj.lora_A.default.weight
	base_model.model.model.language_model.layers.11.mlp.down_proj.lora_B.default.weight
	base_model.model.model.language_model.layers.12.self_attn.q_proj.lora_A.default.weight
	base_model.model.model.language_model.layers.12.self_attn.q_proj.lora_B.default.weight
	base_model.model.model.language_model.layers.12.self_attn.k_proj.lora_A.default.weight
	base_model.model.model.language_model.layers.12.self_attn.k_proj.lora_B.default.weight
	base_model.model.model.language_model.layers.12.self_attn.v_proj.lora_A.default.weight
	base_model.model.model.language_model.layers.12.self_attn.v_proj.lora_B.default.weight
	base_model.model.model.language_model.layers.12.self_attn.o_proj.lora_A.default.weight
	base_model.model.model.language_model.layers.12.self_attn.o_proj.lora_B.default.weight
	base_model.model.model.language_model.layers.12.mlp.gate_proj.lora_A.default.weight
	base_model.model.model.language_model.layers.12.mlp.gate_proj.lora_B.default.weight
	base_model.model.model.language_model.layers.12.mlp.up_proj.lora_A.default.weight
	base_model.model.model.language_model.layers.12.mlp.up_proj.lora_B.default.weight
	base_model.model.model.language_model.layers.12.mlp.down_proj.lora_A.default.weight
	base_model.model.model.language_model.layers.12.mlp.down_proj.lora_B.default.weight
	base_model.model.model.language_model.layers.13.self_attn.q_proj.lora_A.default.weight
	base_model.model.model.language_model.layers.13.self_attn.q_proj.lora_B.default.weight
	base_model.model.model.language_model.layers.13.self_attn.k_proj.lora_A.default.weight
	base_model.model.model.language_model.layers.13.self_attn.k_proj.lora_B.default.weight
	base_model.model.model.language_model.layers.13.self_attn.v_proj.lora_A.default.weight
	base_model.model.model.language_model.layers.13.self_attn.v_proj.lora_B.default.weight
	base_model.model.model.language_model.layers.13.self_attn.o_proj.lora_A.default.weight
	base_model.model.model.language_model.layers.13.self_attn.o_proj.lora_B.default.weight
	base_model.model.model.language_model.layers.13.mlp.gate_proj.lora_A.default.weight
	base_model.model.model.language_model.layers.13.mlp.gate_proj.lora_B.default.weight
	base_model.model.model.language_model.layers.13.mlp.up_proj.lora_A.default.weight
	base_model.model.model.language_model.layers.13.mlp.up_proj.lora_B.default.weight
	base_model.model.model.language_model.layers.13.mlp.down_proj.lora_A.default.weight
	base_model.model.model.language_model.layers.13.mlp.down_proj.lora_B.default.weight
	base_model.model.model.language_model.layers.14.self_attn.q_proj.lora_A.default.weight
	base_model.model.model.language_model.layers.14.self_attn.q_proj.lora_B.default.weight
	base_model.model.model.language_model.layers.14.self_attn.k_proj.lora_A.default.weight
	base_model.model.model.language_model.layers.14.self_attn.k_proj.lora_B.default.weight
	base_model.model.model.language_model.layers.14.self_attn.v_proj.lora_A.default.weight
	base_model.model.model.language_model.layers.14.self_attn.v_proj.lora_B.default.weight
	base_model.model.model.language_model.layers.14.self_attn.o_proj.lora_A.default.weight
	base_model.model.model.language_model.layers.14.self_attn.o_proj.lora_B.default.weight
	base_model.model.model.language_model.layers.14.mlp.gate_proj.lora_A.default.weight
	base_model.model.model.language_model.layers.14.mlp.gate_proj.lora_B.default.weight
	base_model.model.model.language_model.layers.14.mlp.up_proj.lora_A.default.weight
	base_model.model.model.language_model.layers.14.mlp.up_proj.lora_B.default.weight
	base_model.model.model.language_model.layers.14.mlp.down_proj.lora_A.default.weight
	base_model.model.model.language_model.layers.14.mlp.down_proj.lora_B.default.weight
	base_model.model.model.language_model.layers.15.self_attn.q_proj.lora_A.default.weight
	base_model.model.model.language_model.layers.15.self_attn.q_proj.lora_B.default.weight
	base_model.model.model.language_model.layers.15.self_attn.k_proj.lora_A.default.weight
	base_model.model.model.language_model.layers.15.self_attn.k_proj.lora_B.default.weight
	base_model.model.model.language_model.layers.15.self_attn.v_proj.lora_A.default.weight
	base_model.model.model.language_model.layers.15.self_attn.v_proj.lora_B.default.weight
	base_model.model.model.language_model.layers.15.self_attn.o_proj.lora_A.default.weight
	base_model.model.model.language_model.layers.15.self_attn.o_proj.lora_B.default.weight
	base_model.model.model.language_model.layers.15.mlp.gate_proj.lora_A.default.weight
	base_model.model.model.language_model.layers.15.mlp.gate_proj.lora_B.default.weight
	base_model.model.model.language_model.layers.15.mlp.up_proj.lora_A.default.weight
	base_model.model.model.language_model.layers.15.mlp.up_proj.lora_B.default.weight
	base_model.model.model.language_model.layers.15.mlp.down_proj.lora_A.default.weight
	base_model.model.model.language_model.layers.15.mlp.down_proj.lora_B.default.weight
	base_model.model.model.language_model.layers.16.self_attn.q_proj.lora_A.default.weight
	base_model.model.model.language_model.layers.16.self_attn.q_proj.lora_B.default.weight
	base_model.model.model.language_model.layers.16.self_attn.k_proj.lora_A.default.weight
	base_model.model.model.language_model.layers.16.self_attn.k_proj.lora_B.default.weight
	base_model.model.model.language_model.layers.16.self_attn.v_proj.lora_A.default.weight
	base_model.model.model.language_model.layers.16.self_attn.v_proj.lora_B.default.weight
	base_model.model.model.language_model.layers.16.self_attn.o_proj.lora_A.default.weight
	base_model.model.model.language_model.layers.16.self_attn.o_proj.lora_B.default.weight
	base_model.model.model.language_model.layers.16.mlp.gate_proj.lora_A.default.weight
	base_model.model.model.language_model.layers.16.mlp.gate_proj.lora_B.default.weight
	base_model.model.model.language_model.layers.16.mlp.up_proj.lora_A.default.weight
	base_model.model.model.language_model.layers.16.mlp.up_proj.lora_B.default.weight
	base_model.model.model.language_model.layers.16.mlp.down_proj.lora_A.default.weight
	base_model.model.model.language_model.layers.16.mlp.down_proj.lora_B.default.weight
	base_model.model.model.language_model.layers.17.self_attn.q_proj.lora_A.default.weight
	base_model.model.model.language_model.layers.17.self_attn.q_proj.lora_B.default.weight
	base_model.model.model.language_model.layers.17.self_attn.k_proj.lora_A.default.weight
	base_model.model.model.language_model.layers.17.self_attn.k_proj.lora_B.default.weight
	base_model.model.model.language_model.layers.17.self_attn.v_proj.lora_A.default.weight
	base_model.model.model.language_model.layers.17.self_attn.v_proj.lora_B.default.weight
	base_model.model.model.language_model.layers.17.self_attn.o_proj.lora_A.default.weight
	base_model.model.model.language_model.layers.17.self_attn.o_proj.lora_B.default.weight
	base_model.model.model.language_model.layers.17.mlp.gate_proj.lora_A.default.weight
	base_model.model.model.language_model.layers.17.mlp.gate_proj.lora_B.default.weight
	base_model.model.model.language_model.layers.17.mlp.up_proj.lora_A.default.weight
	base_model.model.model.language_model.layers.17.mlp.up_proj.lora_B.default.weight
	base_model.model.model.language_model.layers.17.mlp.down_proj.lora_A.default.weight
	base_model.model.model.language_model.layers.17.mlp.down_proj.lora_B.default.weight
	base_model.model.model.language_model.layers.18.self_attn.q_proj.lora_A.default.weight
	base_model.model.model.language_model.layers.18.self_attn.q_proj.lora_B.default.weight
	base_model.model.model.language_model.layers.18.self_attn.k_proj.lora_A.default.weight
	base_model.model.model.language_model.layers.18.self_attn.k_proj.lora_B.default.weight
	base_model.model.model.language_model.layers.18.self_attn.v_proj.lora_A.default.weight
	base_model.model.model.language_model.layers.18.self_attn.v_proj.lora_B.default.weight
	base_model.model.model.language_model.layers.18.self_attn.o_proj.lora_A.default.weight
	base_model.model.model.language_model.layers.18.self_attn.o_proj.lora_B.default.weight
	base_model.model.model.language_model.layers.18.mlp.gate_proj.lora_A.default.weight
	base_model.model.model.language_model.layers.18.mlp.gate_proj.lora_B.default.weight
	base_model.model.model.language_model.layers.18.mlp.up_proj.lora_A.default.weight
	base_model.model.model.language_model.layers.18.mlp.up_proj.lora_B.default.weight
	base_model.model.model.language_model.layers.18.mlp.down_proj.lora_A.default.weight
	base_model.model.model.language_model.layers.18.mlp.down_proj.lora_B.default.weight
	base_model.model.model.language_model.layers.19.self_attn.q_proj.lora_A.default.weight
	base_model.model.model.language_model.layers.19.self_attn.q_proj.lora_B.default.weight
	base_model.model.model.language_model.layers.19.self_attn.k_proj.lora_A.default.weight
	base_model.model.model.language_model.layers.19.self_attn.k_proj.lora_B.default.weight
	base_model.model.model.language_model.layers.19.self_attn.v_proj.lora_A.default.weight
	base_model.model.model.language_model.layers.19.self_attn.v_proj.lora_B.default.weight
	base_model.model.model.language_model.layers.19.self_attn.o_proj.lora_A.default.weight
	base_model.model.model.language_model.layers.19.self_attn.o_proj.lora_B.default.weight
	base_model.model.model.language_model.layers.19.mlp.gate_proj.lora_A.default.weight
	base_model.model.model.language_model.layers.19.mlp.gate_proj.lora_B.default.weight
	base_model.model.model.language_model.layers.19.mlp.up_proj.lora_A.default.weight
	base_model.model.model.language_model.layers.19.mlp.up_proj.lora_B.default.weight
	base_model.model.model.language_model.layers.19.mlp.down_proj.lora_A.default.weight
	base_model.model.model.language_model.layers.19.mlp.down_proj.lora_B.default.weight
	base_model.model.model.language_model.layers.20.self_attn.q_proj.lora_A.default.weight
	base_model.model.model.language_model.layers.20.self_attn.q_proj.lora_B.default.weight
	base_model.model.model.language_model.layers.20.self_attn.k_proj.lora_A.default.weight
	base_model.model.model.language_model.layers.20.self_attn.k_proj.lora_B.default.weight
	base_model.model.model.language_model.layers.20.self_attn.v_proj.lora_A.default.weight
	base_model.model.model.language_model.layers.20.self_attn.v_proj.lora_B.default.weight
	base_model.model.model.language_model.layers.20.self_attn.o_proj.lora_A.default.weight
	base_model.model.model.language_model.layers.20.self_attn.o_proj.lora_B.default.weight
	base_model.model.model.language_model.layers.20.mlp.gate_proj.lora_A.default.weight
	base_model.model.model.language_model.layers.20.mlp.gate_proj.lora_B.default.weight
	base_model.model.model.language_model.layers.20.mlp.up_proj.lora_A.default.weight
	base_model.model.model.language_model.layers.20.mlp.up_proj.lora_B.default.weight
	base_model.model.model.language_model.layers.20.mlp.down_proj.lora_A.default.weight
	base_model.model.model.language_model.layers.20.mlp.down_proj.lora_B.default.weight
	base_model.model.model.language_model.layers.21.self_attn.q_proj.lora_A.default.weight
	base_model.model.model.language_model.layers.21.self_attn.q_proj.lora_B.default.weight
	base_model.model.model.language_model.layers.21.self_attn.k_proj.lora_A.default.weight
	base_model.model.model.language_model.layers.21.self_attn.k_proj.lora_B.default.weight
	base_model.model.model.language_model.layers.21.self_attn.v_proj.lora_A.default.weight
	base_model.model.model.language_model.layers.21.self_attn.v_proj.lora_B.default.weight
	base_model.model.model.language_model.layers.21.self_attn.o_proj.lora_A.default.weight
	base_model.model.model.language_model.layers.21.self_attn.o_proj.lora_B.default.weight
	base_model.model.model.language_model.layers.21.mlp.gate_proj.lora_A.default.weight
	base_model.model.model.language_model.layers.21.mlp.gate_proj.lora_B.default.weight
	base_model.model.model.language_model.layers.21.mlp.up_proj.lora_A.default.weight
	base_model.model.model.language_model.layers.21.mlp.up_proj.lora_B.default.weight
	base_model.model.model.language_model.layers.21.mlp.down_proj.lora_A.default.weight
	base_model.model.model.language_model.layers.21.mlp.down_proj.lora_B.default.weight
	base_model.model.model.language_model.layers.22.self_attn.q_proj.lora_A.default.weight
	base_model.model.model.language_model.layers.22.self_attn.q_proj.lora_B.default.weight
	base_model.model.model.language_model.layers.22.self_attn.k_proj.lora_A.default.weight
	base_model.model.model.language_model.layers.22.self_attn.k_proj.lora_B.default.weight
	base_model.model.model.language_model.layers.22.self_attn.v_proj.lora_A.default.weight
	base_model.model.model.language_model.layers.22.self_attn.v_proj.lora_B.default.weight
	base_model.model.model.language_model.layers.22.self_attn.o_proj.lora_A.default.weight
	base_model.model.model.language_model.layers.22.self_attn.o_proj.lora_B.default.weight
	base_model.model.model.language_model.layers.22.mlp.gate_proj.lora_A.default.weight
	base_model.model.model.language_model.layers.22.mlp.gate_proj.lora_B.default.weight
	base_model.model.model.language_model.layers.22.mlp.up_proj.lora_A.default.weight
	base_model.model.model.language_model.layers.22.mlp.up_proj.lora_B.default.weight
	base_model.model.model.language_model.layers.22.mlp.down_proj.lora_A.default.weight
	base_model.model.model.language_model.layers.22.mlp.down_proj.lora_B.default.weight
	base_model.model.model.language_model.layers.23.self_attn.q_proj.lora_A.default.weight
	base_model.model.model.language_model.layers.23.self_attn.q_proj.lora_B.default.weight
	base_model.model.model.language_model.layers.23.self_attn.k_proj.lora_A.default.weight
	base_model.model.model.language_model.layers.23.self_attn.k_proj.lora_B.default.weight
	base_model.model.model.language_model.layers.23.self_attn.v_proj.lora_A.default.weight
	base_model.model.model.language_model.layers.23.self_attn.v_proj.lora_B.default.weight
	base_model.model.model.language_model.layers.23.self_attn.o_proj.lora_A.default.weight
	base_model.model.model.language_model.layers.23.self_attn.o_proj.lora_B.default.weight
	base_model.model.model.language_model.layers.23.mlp.gate_proj.lora_A.default.weight
	base_model.model.model.language_model.layers.23.mlp.gate_proj.lora_B.default.weight
	base_model.model.model.language_model.layers.23.mlp.up_proj.lora_A.default.weight
	base_model.model.model.language_model.layers.23.mlp.up_proj.lora_B.default.weight
	base_model.model.model.language_model.layers.23.mlp.down_proj.lora_A.default.weight
	base_model.model.model.language_model.layers.23.mlp.down_proj.lora_B.default.weight
	base_model.model.model.language_model.layers.24.self_attn.q_proj.lora_A.default.weight
	base_model.model.model.language_model.layers.24.self_attn.q_proj.lora_B.default.weight
	base_model.model.model.language_model.layers.24.self_attn.k_proj.lora_A.default.weight
	base_model.model.model.language_model.layers.24.self_attn.k_proj.lora_B.default.weight
	base_model.model.model.language_model.layers.24.self_attn.v_proj.lora_A.default.weight
	base_model.model.model.language_model.layers.24.self_attn.v_proj.lora_B.default.weight
	base_model.model.model.language_model.layers.24.self_attn.o_proj.lora_A.default.weight
	base_model.model.model.language_model.layers.24.self_attn.o_proj.lora_B.default.weight
	base_model.model.model.language_model.layers.24.mlp.gate_proj.lora_A.default.weight
	base_model.model.model.language_model.layers.24.mlp.gate_proj.lora_B.default.weight
	base_model.model.model.language_model.layers.24.mlp.up_proj.lora_A.default.weight
	base_model.model.model.language_model.layers.24.mlp.up_proj.lora_B.default.weight
	base_model.model.model.language_model.layers.24.mlp.down_proj.lora_A.default.weight
	base_model.model.model.language_model.layers.24.mlp.down_proj.lora_B.default.weight
	base_model.model.model.language_model.layers.25.self_attn.q_proj.lora_A.default.weight
	base_model.model.model.language_model.layers.25.self_attn.q_proj.lora_B.default.weight
	base_model.model.model.language_model.layers.25.self_attn.k_proj.lora_A.default.weight
	base_model.model.model.language_model.layers.25.self_attn.k_proj.lora_B.default.weight
	base_model.model.model.language_model.layers.25.self_attn.v_proj.lora_A.default.weight
	base_model.model.model.language_model.layers.25.self_attn.v_proj.lora_B.default.weight
	base_model.model.model.language_model.layers.25.self_attn.o_proj.lora_A.default.weight
	base_model.model.model.language_model.layers.25.self_attn.o_proj.lora_B.default.weight
	base_model.model.model.language_model.layers.25.mlp.gate_proj.lora_A.default.weight
	base_model.model.model.language_model.layers.25.mlp.gate_proj.lora_B.default.weight
	base_model.model.model.language_model.layers.25.mlp.up_proj.lora_A.default.weight
	base_model.model.model.language_model.layers.25.mlp.up_proj.lora_B.default.weight
	base_model.model.model.language_model.layers.25.mlp.down_proj.lora_A.default.weight
	base_model.model.model.language_model.layers.25.mlp.down_proj.lora_B.default.weight
	base_model.model.model.language_model.layers.26.self_attn.q_proj.lora_A.default.weight
	base_model.model.model.language_model.layers.26.self_attn.q_proj.lora_B.default.weight
	base_model.model.model.language_model.layers.26.self_attn.k_proj.lora_A.default.weight
	base_model.model.model.language_model.layers.26.self_attn.k_proj.lora_B.default.weight
	base_model.model.model.language_model.layers.26.self_attn.v_proj.lora_A.default.weight
	base_model.model.model.language_model.layers.26.self_attn.v_proj.lora_B.default.weight
	base_model.model.model.language_model.layers.26.self_attn.o_proj.lora_A.default.weight
	base_model.model.model.language_model.layers.26.self_attn.o_proj.lora_B.default.weight
	base_model.model.model.language_model.layers.26.mlp.gate_proj.lora_A.default.weight
	base_model.model.model.language_model.layers.26.mlp.gate_proj.lora_B.default.weight
	base_model.model.model.language_model.layers.26.mlp.up_proj.lora_A.default.weight
	base_model.model.model.language_model.layers.26.mlp.up_proj.lora_B.default.weight
	base_model.model.model.language_model.layers.26.mlp.down_proj.lora_A.default.weight
	base_model.model.model.language_model.layers.26.mlp.down_proj.lora_B.default.weight
	base_model.model.model.language_model.layers.27.self_attn.q_proj.lora_A.default.weight
	base_model.model.model.language_model.layers.27.self_attn.q_proj.lora_B.default.weight
	base_model.model.model.language_model.layers.27.self_attn.k_proj.lora_A.default.weight
	base_model.model.model.language_model.layers.27.self_attn.k_proj.lora_B.default.weight
	base_model.model.model.language_model.layers.27.self_attn.v_proj.lora_A.default.weight
	base_model.model.model.language_model.layers.27.self_attn.v_proj.lora_B.default.weight
	base_model.model.model.language_model.layers.27.self_attn.o_proj.lora_A.default.weight
	base_model.model.model.language_model.layers.27.self_attn.o_proj.lora_B.default.weight
	base_model.model.model.language_model.layers.27.mlp.gate_proj.lora_A.default.weight
	base_model.model.model.language_model.layers.27.mlp.gate_proj.lora_B.default.weight
	base_model.model.model.language_model.layers.27.mlp.up_proj.lora_A.default.weight
	base_model.model.model.language_model.layers.27.mlp.up_proj.lora_B.default.weight
	base_model.model.model.language_model.layers.27.mlp.down_proj.lora_A.default.weight
	base_model.model.model.language_model.layers.27.mlp.down_proj.lora_B.default.weight
	base_model.model.model.language_model.layers.28.self_attn.q_proj.lora_A.default.weight
	base_model.model.model.language_model.layers.28.self_attn.q_proj.lora_B.default.weight
	base_model.model.model.language_model.layers.28.self_attn.k_proj.lora_A.default.weight
	base_model.model.model.language_model.layers.28.self_attn.k_proj.lora_B.default.weight
	base_model.model.model.language_model.layers.28.self_attn.v_proj.lora_A.default.weight
	base_model.model.model.language_model.layers.28.self_attn.v_proj.lora_B.default.weight
	base_model.model.model.language_model.layers.28.self_attn.o_proj.lora_A.default.weight
	base_model.model.model.language_model.layers.28.self_attn.o_proj.lora_B.default.weight
	base_model.model.model.language_model.layers.28.mlp.gate_proj.lora_A.default.weight
	base_model.model.model.language_model.layers.28.mlp.gate_proj.lora_B.default.weight
	base_model.model.model.language_model.layers.28.mlp.up_proj.lora_A.default.weight
	base_model.model.model.language_model.layers.28.mlp.up_proj.lora_B.default.weight
	base_model.model.model.language_model.layers.28.mlp.down_proj.lora_A.default.weight
	base_model.model.model.language_model.layers.28.mlp.down_proj.lora_B.default.weight
	base_model.model.model.language_model.layers.29.self_attn.q_proj.lora_A.default.weight
	base_model.model.model.language_model.layers.29.self_attn.q_proj.lora_B.default.weight
	base_model.model.model.language_model.layers.29.self_attn.k_proj.lora_A.default.weight
	base_model.model.model.language_model.layers.29.self_attn.k_proj.lora_B.default.weight
	base_model.model.model.language_model.layers.29.self_attn.v_proj.lora_A.default.weight
	base_model.model.model.language_model.layers.29.self_attn.v_proj.lora_B.default.weight
	base_model.model.model.language_model.layers.29.self_attn.o_proj.lora_A.default.weight
	base_model.model.model.language_model.layers.29.self_attn.o_proj.lora_B.default.weight
	base_model.model.model.language_model.layers.29.mlp.gate_proj.lora_A.default.weight
	base_model.model.model.language_model.layers.29.mlp.gate_proj.lora_B.default.weight
	base_model.model.model.language_model.layers.29.mlp.up_proj.lora_A.default.weight
	base_model.model.model.language_model.layers.29.mlp.up_proj.lora_B.default.weight
	base_model.model.model.language_model.layers.29.mlp.down_proj.lora_A.default.weight
	base_model.model.model.language_model.layers.29.mlp.down_proj.lora_B.default.weight
	base_model.model.model.language_model.layers.30.self_attn.q_proj.lora_A.default.weight
	base_model.model.model.language_model.layers.30.self_attn.q_proj.lora_B.default.weight
	base_model.model.model.language_model.layers.30.self_attn.k_proj.lora_A.default.weight
	base_model.model.model.language_model.layers.30.self_attn.k_proj.lora_B.default.weight
	base_model.model.model.language_model.layers.30.self_attn.v_proj.lora_A.default.weight
	base_model.model.model.language_model.layers.30.self_attn.v_proj.lora_B.default.weight
	base_model.model.model.language_model.layers.30.self_attn.o_proj.lora_A.default.weight
	base_model.model.model.language_model.layers.30.self_attn.o_proj.lora_B.default.weight
	base_model.model.model.language_model.layers.30.mlp.gate_proj.lora_A.default.weight
	base_model.model.model.language_model.layers.30.mlp.gate_proj.lora_B.default.weight
	base_model.model.model.language_model.layers.30.mlp.up_proj.lora_A.default.weight
	base_model.model.model.language_model.layers.30.mlp.up_proj.lora_B.default.weight
	base_model.model.model.language_model.layers.30.mlp.down_proj.lora_A.default.weight
	base_model.model.model.language_model.layers.30.mlp.down_proj.lora_B.default.weight
	base_model.model.model.language_model.layers.31.self_attn.q_proj.lora_A.default.weight
	base_model.model.model.language_model.layers.31.self_attn.q_proj.lora_B.default.weight
	base_model.model.model.language_model.layers.31.self_attn.k_proj.lora_A.default.weight
	base_model.model.model.language_model.layers.31.self_attn.k_proj.lora_B.default.weight
	base_model.model.model.language_model.layers.31.self_attn.v_proj.lora_A.default.weight
	base_model.model.model.language_model.layers.31.self_attn.v_proj.lora_B.default.weight
	base_model.model.model.language_model.layers.31.self_attn.o_proj.lora_A.default.weight
	base_model.model.model.language_model.layers.31.self_attn.o_proj.lora_B.default.weight
	base_model.model.model.language_model.layers.31.mlp.gate_proj.lora_A.default.weight
	base_model.model.model.language_model.layers.31.mlp.gate_proj.lora_B.default.weight
	base_model.model.model.language_model.layers.31.mlp.up_proj.lora_A.default.weight
	base_model.model.model.language_model.layers.31.mlp.up_proj.lora_B.default.weight
	base_model.model.model.language_model.layers.31.mlp.down_proj.lora_A.default.weight
	base_model.model.model.language_model.layers.31.mlp.down_proj.lora_B.default.weight
Loading data...
Split: 99126 train, 5217 eval
{'loss': '0.5114', 'grad_norm': '0.07933', 'learning_rate': '1.756e-06', 'epoch': '0.00807'}
{'loss': '0.518', 'grad_norm': '0.1329', 'learning_rate': '3.548e-06', 'epoch': '0.01614'}
{'loss': '0.5167', 'grad_norm': '0.1176', 'learning_rate': '5.341e-06', 'epoch': '0.02421'}
{'loss': '0.4549', 'grad_norm': '0.147', 'learning_rate': '7.133e-06', 'epoch': '0.03228'}
{'loss': '0.4328', 'grad_norm': '0.117', 'learning_rate': '8.925e-06', 'epoch': '0.04035'}
{'loss': '0.4224', 'grad_norm': '0.1526', 'learning_rate': '1.072e-05', 'epoch': '0.04842'}
{'loss': '0.4178', 'grad_norm': '0.1352', 'learning_rate': '1.251e-05', 'epoch': '0.05649'}
{'loss': '0.4118', 'grad_norm': '0.1487', 'learning_rate': '1.43e-05', 'epoch': '0.06456'}
{'loss': '0.3948', 'grad_norm': '0.1665', 'learning_rate': '1.609e-05', 'epoch': '0.07263'}
{'loss': '0.4001', 'grad_norm': '0.1716', 'learning_rate': '1.789e-05', 'epoch': '0.0807'}
{'loss': '0.4057', 'grad_norm': '0.2186', 'learning_rate': '1.968e-05', 'epoch': '0.08877'}
{'loss': '0.408', 'grad_norm': '0.2159', 'learning_rate': '2e-05', 'epoch': '0.09684'}
{'loss': '0.385', 'grad_norm': '0.1999', 'learning_rate': '2e-05', 'epoch': '0.1049'}
{'loss': '0.4082', 'grad_norm': '0.2999', 'learning_rate': '2e-05', 'epoch': '0.113'}
{'loss': '0.3962', 'grad_norm': '0.2149', 'learning_rate': '1.999e-05', 'epoch': '0.1211'}
{'loss': '0.3886', 'grad_norm': '0.2372', 'learning_rate': '1.999e-05', 'epoch': '0.1291'}
{'loss': '0.3891', 'grad_norm': '0.2076', 'learning_rate': '1.999e-05', 'epoch': '0.1372'}
{'loss': '0.4148', 'grad_norm': '0.2386', 'learning_rate': '1.998e-05', 'epoch': '0.1453'}
{'loss': '0.3799', 'grad_norm': '0.2476', 'learning_rate': '1.998e-05', 'epoch': '0.1533'}
{'loss': '0.3922', 'grad_norm': '0.3036', 'learning_rate': '1.997e-05', 'epoch': '0.1614'}
{'eval_loss': '0.388', 'eval_runtime': '391.1', 'eval_samples_per_second': '13.34', 'eval_steps_per_second': '1.67', 'epoch': '0.1614'}
{'loss': '0.3802', 'grad_norm': '0.2504', 'learning_rate': '1.996e-05', 'epoch': '0.1695'}
{'loss': '0.3902', 'grad_norm': '0.2807', 'learning_rate': '1.996e-05', 'epoch': '0.1775'}
{'loss': '0.3947', 'grad_norm': '0.2519', 'learning_rate': '1.995e-05', 'epoch': '0.1856'}
{'loss': '0.3989', 'grad_norm': '0.247', 'learning_rate': '1.994e-05', 'epoch': '0.1937'}
{'loss': '0.3746', 'grad_norm': '0.2223', 'learning_rate': '1.993e-05', 'epoch': '0.2018'}
{'loss': '0.3835', 'grad_norm': '0.3295', 'learning_rate': '1.992e-05', 'epoch': '0.2098'}
{'loss': '0.3893', 'grad_norm': '0.2883', 'learning_rate': '1.991e-05', 'epoch': '0.2179'}
{'loss': '0.3897', 'grad_norm': '0.3147', 'learning_rate': '1.989e-05', 'epoch': '0.226'}
{'loss': '0.3779', 'grad_norm': '0.2258', 'learning_rate': '1.988e-05', 'epoch': '0.234'}
{'loss': '0.38', 'grad_norm': '0.321', 'learning_rate': '1.987e-05', 'epoch': '0.2421'}
{'loss': '0.3905', 'grad_norm': '0.2809', 'learning_rate': '1.985e-05', 'epoch': '0.2502'}
{'loss': '0.3897', 'grad_norm': '0.3136', 'learning_rate': '1.984e-05', 'epoch': '0.2583'}
{'loss': '0.4035', 'grad_norm': '0.2934', 'learning_rate': '1.982e-05', 'epoch': '0.2663'}
{'loss': '0.3929', 'grad_norm': '0.2606', 'learning_rate': '1.98e-05', 'epoch': '0.2744'}
{'loss': '0.3876', 'grad_norm': '0.3255', 'learning_rate': '1.979e-05', 'epoch': '0.2825'}
{'loss': '0.3824', 'grad_norm': '0.3364', 'learning_rate': '1.977e-05', 'epoch': '0.2905'}
{'loss': '0.377', 'grad_norm': '0.3333', 'learning_rate': '1.975e-05', 'epoch': '0.2986'}
{'loss': '0.3916', 'grad_norm': '0.2636', 'learning_rate': '1.973e-05', 'epoch': '0.3067'}
{'loss': '0.3756', 'grad_norm': '0.3205', 'learning_rate': '1.971e-05', 'epoch': '0.3147'}
{'loss': '0.3767', 'grad_norm': '0.2822', 'learning_rate': '1.969e-05', 'epoch': '0.3228'}
{'eval_loss': '0.3796', 'eval_runtime': '390.7', 'eval_samples_per_second': '13.35', 'eval_steps_per_second': '1.671', 'epoch': '0.3228'}
{'loss': '0.3878', 'grad_norm': '0.3057', 'learning_rate': '1.966e-05', 'epoch': '0.3309'}
{'loss': '0.3854', 'grad_norm': '0.2792', 'learning_rate': '1.964e-05', 'epoch': '0.339'}
{'loss': '0.3873', 'grad_norm': '0.3108', 'learning_rate': '1.962e-05', 'epoch': '0.347'}
{'loss': '0.3845', 'grad_norm': '0.2983', 'learning_rate': '1.959e-05', 'epoch': '0.3551'}
{'loss': '0.3726', 'grad_norm': '0.3126', 'learning_rate': '1.957e-05', 'epoch': '0.3632'}
{'loss': '0.399', 'grad_norm': '0.3982', 'learning_rate': '1.954e-05', 'epoch': '0.3712'}
{'loss': '0.378', 'grad_norm': '0.3048', 'learning_rate': '1.952e-05', 'epoch': '0.3793'}
{'loss': '0.3799', 'grad_norm': '0.3535', 'learning_rate': '1.949e-05', 'epoch': '0.3874'}
{'loss': '0.3689', 'grad_norm': '0.2805', 'learning_rate': '1.946e-05', 'epoch': '0.3954'}
{'loss': '0.3756', 'grad_norm': '0.2973', 'learning_rate': '1.943e-05', 'epoch': '0.4035'}
{'loss': '0.3988', 'grad_norm': '0.3178', 'learning_rate': '1.94e-05', 'epoch': '0.4116'}
{'loss': '0.3856', 'grad_norm': '0.3532', 'learning_rate': '1.937e-05', 'epoch': '0.4197'}
{'loss': '0.3812', 'grad_norm': '0.3591', 'learning_rate': '1.934e-05', 'epoch': '0.4277'}
{'loss': '0.3779', 'grad_norm': '0.325', 'learning_rate': '1.931e-05', 'epoch': '0.4358'}
{'loss': '0.3714', 'grad_norm': '0.2768', 'learning_rate': '1.928e-05', 'epoch': '0.4439'}
{'loss': '0.3749', 'grad_norm': '0.3191', 'learning_rate': '1.925e-05', 'epoch': '0.4519'}
{'loss': '0.3575', 'grad_norm': '0.3316', 'learning_rate': '1.921e-05', 'epoch': '0.46'}
{'loss': '0.3905', 'grad_norm': '0.3374', 'learning_rate': '1.918e-05', 'epoch': '0.4681'}
{'loss': '0.3902', 'grad_norm': '0.338', 'learning_rate': '1.914e-05', 'epoch': '0.4762'}
{'loss': '0.3778', 'grad_norm': '0.3374', 'learning_rate': '1.911e-05', 'epoch': '0.4842'}
{'eval_loss': '0.3749', 'eval_runtime': '391.3', 'eval_samples_per_second': '13.33', 'eval_steps_per_second': '1.669', 'epoch': '0.4842'}
{'loss': '0.3697', 'grad_norm': '0.3052', 'learning_rate': '1.907e-05', 'epoch': '0.4923'}
{'loss': '0.3722', 'grad_norm': '0.3106', 'learning_rate': '1.904e-05', 'epoch': '0.5004'}
{'loss': '0.3854', 'grad_norm': '0.3935', 'learning_rate': '1.9e-05', 'epoch': '0.5084'}
{'loss': '0.3623', 'grad_norm': '0.3783', 'learning_rate': '1.896e-05', 'epoch': '0.5165'}
{'loss': '0.369', 'grad_norm': '0.2966', 'learning_rate': '1.892e-05', 'epoch': '0.5246'}
{'loss': '0.3822', 'grad_norm': '0.3293', 'learning_rate': '1.888e-05', 'epoch': '0.5326'}
{'loss': '0.3758', 'grad_norm': '0.3661', 'learning_rate': '1.884e-05', 'epoch': '0.5407'}
{'loss': '0.3777', 'grad_norm': '0.3365', 'learning_rate': '1.88e-05', 'epoch': '0.5488'}
{'loss': '0.3773', 'grad_norm': '0.3041', 'learning_rate': '1.876e-05', 'epoch': '0.5569'}
{'loss': '0.3767', 'grad_norm': '0.3305', 'learning_rate': '1.872e-05', 'epoch': '0.5649'}
{'loss': '0.3716', 'grad_norm': '0.329', 'learning_rate': '1.867e-05', 'epoch': '0.573'}
{'loss': '0.3796', 'grad_norm': '0.3011', 'learning_rate': '1.863e-05', 'epoch': '0.5811'}
{'loss': '0.3711', 'grad_norm': '0.372', 'learning_rate': '1.858e-05', 'epoch': '0.5891'}
{'loss': '0.3753', 'grad_norm': '0.3273', 'learning_rate': '1.854e-05', 'epoch': '0.5972'}
{'loss': '0.381', 'grad_norm': '0.3661', 'learning_rate': '1.849e-05', 'epoch': '0.6053'}
{'loss': '0.3745', 'grad_norm': '0.3654', 'learning_rate': '1.845e-05', 'epoch': '0.6133'}
{'loss': '0.3771', 'grad_norm': '0.3157', 'learning_rate': '1.84e-05', 'epoch': '0.6214'}
{'loss': '0.3978', 'grad_norm': '0.348', 'learning_rate': '1.835e-05', 'epoch': '0.6295'}
{'loss': '0.376', 'grad_norm': '0.3808', 'learning_rate': '1.83e-05', 'epoch': '0.6376'}
{'loss': '0.3905', 'grad_norm': '0.3039', 'learning_rate': '1.826e-05', 'epoch': '0.6456'}
{'eval_loss': '0.373', 'eval_runtime': '391.3', 'eval_samples_per_second': '13.33', 'eval_steps_per_second': '1.669', 'epoch': '0.6456'}
{'loss': '0.3809', 'grad_norm': '0.4071', 'learning_rate': '1.821e-05', 'epoch': '0.6537'}
{'loss': '0.3756', 'grad_norm': '0.3906', 'learning_rate': '1.816e-05', 'epoch': '0.6618'}
{'loss': '0.3882', 'grad_norm': '0.3236', 'learning_rate': '1.811e-05', 'epoch': '0.6698'}
{'loss': '0.3853', 'grad_norm': '0.3398', 'learning_rate': '1.805e-05', 'epoch': '0.6779'}
{'loss': '0.3782', 'grad_norm': '0.3184', 'learning_rate': '1.8e-05', 'epoch': '0.686'}
{'loss': '0.3725', 'grad_norm': '0.3162', 'learning_rate': '1.795e-05', 'epoch': '0.6941'}
{'loss': '0.3858', 'grad_norm': '0.3744', 'learning_rate': '1.79e-05', 'epoch': '0.7021'}
{'loss': '0.3768', 'grad_norm': '0.2738', 'learning_rate': '1.784e-05', 'epoch': '0.7102'}
{'loss': '0.3692', 'grad_norm': '0.2681', 'learning_rate': '1.779e-05', 'epoch': '0.7183'}
{'loss': '0.3796', 'grad_norm': '0.2823', 'learning_rate': '1.773e-05', 'epoch': '0.7263'}
{'loss': '0.3624', 'grad_norm': '0.4276', 'learning_rate': '1.768e-05', 'epoch': '0.7344'}
{'loss': '0.3676', 'grad_norm': '0.3124', 'learning_rate': '1.762e-05', 'epoch': '0.7425'}
{'loss': '0.3725', 'grad_norm': '0.3194', 'learning_rate': '1.757e-05', 'epoch': '0.7505'}
{'loss': '0.3799', 'grad_norm': '0.3754', 'learning_rate': '1.751e-05', 'epoch': '0.7586'}
{'loss': '0.3712', 'grad_norm': '0.2969', 'learning_rate': '1.745e-05', 'epoch': '0.7667'}
{'loss': '0.3653', 'grad_norm': '0.3173', 'learning_rate': '1.739e-05', 'epoch': '0.7748'}
{'loss': '0.3764', 'grad_norm': '0.2998', 'learning_rate': '1.733e-05', 'epoch': '0.7828'}
{'loss': '0.3751', 'grad_norm': '0.3098', 'learning_rate': '1.727e-05', 'epoch': '0.7909'}
{'loss': '0.3828', 'grad_norm': '0.3496', 'learning_rate': '1.721e-05', 'epoch': '0.799'}
{'loss': '0.3552', 'grad_norm': '0.39', 'learning_rate': '1.715e-05', 'epoch': '0.807'}
{'eval_loss': '0.3704', 'eval_runtime': '391.2', 'eval_samples_per_second': '13.34', 'eval_steps_per_second': '1.669', 'epoch': '0.807'}
{'loss': '0.3746', 'grad_norm': '0.2816', 'learning_rate': '1.709e-05', 'epoch': '0.8151'}
{'loss': '0.3601', 'grad_norm': '0.3195', 'learning_rate': '1.703e-05', 'epoch': '0.8232'}
{'loss': '0.3708', 'grad_norm': '0.2953', 'learning_rate': '1.697e-05', 'epoch': '0.8312'}
{'loss': '0.396', 'grad_norm': '0.4075', 'learning_rate': '1.69e-05', 'epoch': '0.8393'}
{'loss': '0.3747', 'grad_norm': '0.3235', 'learning_rate': '1.684e-05', 'epoch': '0.8474'}
{'loss': '0.3556', 'grad_norm': '0.3591', 'learning_rate': '1.678e-05', 'epoch': '0.8555'}
{'loss': '0.3835', 'grad_norm': '0.3549', 'learning_rate': '1.671e-05', 'epoch': '0.8635'}
{'loss': '0.3826', 'grad_norm': '0.439', 'learning_rate': '1.665e-05', 'epoch': '0.8716'}
{'loss': '0.3727', 'grad_norm': '0.313', 'learning_rate': '1.658e-05', 'epoch': '0.8797'}
{'loss': '0.3682', 'grad_norm': '0.3438', 'learning_rate': '1.652e-05', 'epoch': '0.8877'}
{'loss': '0.3562', 'grad_norm': '0.3223', 'learning_rate': '1.645e-05', 'epoch': '0.8958'}
{'loss': '0.3826', 'grad_norm': '0.3804', 'learning_rate': '1.638e-05', 'epoch': '0.9039'}
{'loss': '0.3828', 'grad_norm': '0.3888', 'learning_rate': '1.632e-05', 'epoch': '0.912'}
{'loss': '0.3774', 'grad_norm': '0.4161', 'learning_rate': '1.625e-05', 'epoch': '0.92'}
{'loss': '0.3883', 'grad_norm': '0.3583', 'learning_rate': '1.618e-05', 'epoch': '0.9281'}
{'loss': '0.3646', 'grad_norm': '0.3774', 'learning_rate': '1.611e-05', 'epoch': '0.9362'}
{'loss': '0.3785', 'grad_norm': '0.3563', 'learning_rate': '1.604e-05', 'epoch': '0.9442'}
{'loss': '0.3842', 'grad_norm': '0.3944', 'learning_rate': '1.597e-05', 'epoch': '0.9523'}
{'loss': '0.391', 'grad_norm': '0.3383', 'learning_rate': '1.59e-05', 'epoch': '0.9604'}
{'loss': '0.3758', 'grad_norm': '0.3568', 'learning_rate': '1.583e-05', 'epoch': '0.9684'}
{'eval_loss': '0.3703', 'eval_runtime': '391.5', 'eval_samples_per_second': '13.32', 'eval_steps_per_second': '1.668', 'epoch': '0.9684'}
{'loss': '0.3858', 'grad_norm': '0.344', 'learning_rate': '1.576e-05', 'epoch': '0.9765'}
{'loss': '0.3834', 'grad_norm': '0.3304', 'learning_rate': '1.569e-05', 'epoch': '0.9846'}
{'loss': '0.3616', 'grad_norm': '0.3446', 'learning_rate': '1.562e-05', 'epoch': '0.9927'}
{'loss': '0.3848', 'grad_norm': '0.3657', 'learning_rate': '1.555e-05', 'epoch': '1.001'}
{'loss': '0.3553', 'grad_norm': '0.3938', 'learning_rate': '1.547e-05', 'epoch': '1.009'}
{'loss': '0.382', 'grad_norm': '0.3553', 'learning_rate': '1.54e-05', 'epoch': '1.017'}
{'loss': '0.3745', 'grad_norm': '0.3919', 'learning_rate': '1.533e-05', 'epoch': '1.025'}
{'loss': '0.3663', 'grad_norm': '0.4569', 'learning_rate': '1.525e-05', 'epoch': '1.033'}
{'loss': '0.3661', 'grad_norm': '0.3009', 'learning_rate': '1.518e-05', 'epoch': '1.041'}
{'loss': '0.3656', 'grad_norm': '0.3744', 'learning_rate': '1.51e-05', 'epoch': '1.049'}
{'loss': '0.3593', 'grad_norm': '0.466', 'learning_rate': '1.503e-05', 'epoch': '1.057'}
{'loss': '0.3653', 'grad_norm': '0.3849', 'learning_rate': '1.495e-05', 'epoch': '1.065'}
{'loss': '0.3719', 'grad_norm': '0.4752', 'learning_rate': '1.488e-05', 'epoch': '1.073'}
{'loss': '0.3618', 'grad_norm': '0.3607', 'learning_rate': '1.48e-05', 'epoch': '1.081'}
{'loss': '0.3694', 'grad_norm': '0.4085', 'learning_rate': '1.472e-05', 'epoch': '1.089'}
{'loss': '0.372', 'grad_norm': '0.355', 'learning_rate': '1.465e-05', 'epoch': '1.097'}
{'loss': '0.3695', 'grad_norm': '0.3605', 'learning_rate': '1.457e-05', 'epoch': '1.106'}
{'loss': '0.3807', 'grad_norm': '0.4676', 'learning_rate': '1.449e-05', 'epoch': '1.114'}
{'loss': '0.3499', 'grad_norm': '0.4118', 'learning_rate': '1.441e-05', 'epoch': '1.122'}
{'loss': '0.3764', 'grad_norm': '0.4281', 'learning_rate': '1.434e-05', 'epoch': '1.13'}
{'eval_loss': '0.3679', 'eval_runtime': '391.8', 'eval_samples_per_second': '13.32', 'eval_steps_per_second': '1.667', 'epoch': '1.13'}
{'loss': '0.3565', 'grad_norm': '0.3534', 'learning_rate': '1.426e-05', 'epoch': '1.138'}
{'loss': '0.3675', 'grad_norm': '0.494', 'learning_rate': '1.418e-05', 'epoch': '1.146'}
{'loss': '0.3645', 'grad_norm': '0.4472', 'learning_rate': '1.41e-05', 'epoch': '1.154'}
{'loss': '0.3753', 'grad_norm': '0.4011', 'learning_rate': '1.402e-05', 'epoch': '1.162'}
{'loss': '0.3712', 'grad_norm': '0.3479', 'learning_rate': '1.394e-05', 'epoch': '1.17'}
{'loss': '0.3596', 'grad_norm': '0.4161', 'learning_rate': '1.386e-05', 'epoch': '1.178'}
{'loss': '0.3631', 'grad_norm': '0.3147', 'learning_rate': '1.378e-05', 'epoch': '1.186'}
{'loss': '0.3639', 'grad_norm': '0.454', 'learning_rate': '1.37e-05', 'epoch': '1.194'}
{'loss': '0.3609', 'grad_norm': '0.4634', 'learning_rate': '1.362e-05', 'epoch': '1.202'}
{'loss': '0.3661', 'grad_norm': '0.439', 'learning_rate': '1.354e-05', 'epoch': '1.21'}
{'loss': '0.3663', 'grad_norm': '0.4408', 'learning_rate': '1.345e-05', 'epoch': '1.219'}
{'loss': '0.3768', 'grad_norm': '0.4534', 'learning_rate': '1.337e-05', 'epoch': '1.227'}
{'loss': '0.3646', 'grad_norm': '0.4706', 'learning_rate': '1.329e-05', 'epoch': '1.235'}
{'loss': '0.3675', 'grad_norm': '0.4926', 'learning_rate': '1.321e-05', 'epoch': '1.243'}
{'loss': '0.3639', 'grad_norm': '0.5091', 'learning_rate': '1.312e-05', 'epoch': '1.251'}
{'loss': '0.3608', 'grad_norm': '0.5557', 'learning_rate': '1.304e-05', 'epoch': '1.259'}
{'loss': '0.3562', 'grad_norm': '0.3801', 'learning_rate': '1.296e-05', 'epoch': '1.267'}
{'loss': '0.3602', 'grad_norm': '0.392', 'learning_rate': '1.288e-05', 'epoch': '1.275'}
{'loss': '0.357', 'grad_norm': '0.3584', 'learning_rate': '1.279e-05', 'epoch': '1.283'}
{'loss': '0.3658', 'grad_norm': '0.5037', 'learning_rate': '1.271e-05', 'epoch': '1.291'}
{'eval_loss': '0.3682', 'eval_runtime': '391.2', 'eval_samples_per_second': '13.34', 'eval_steps_per_second': '1.669', 'epoch': '1.291'}
{'loss': '0.3748', 'grad_norm': '0.4518', 'learning_rate': '1.262e-05', 'epoch': '1.299'}
{'loss': '0.37', 'grad_norm': '0.4327', 'learning_rate': '1.254e-05', 'epoch': '1.307'}
{'loss': '0.3641', 'grad_norm': '0.4405', 'learning_rate': '1.246e-05', 'epoch': '1.315'}
{'loss': '0.3658', 'grad_norm': '0.53', 'learning_rate': '1.237e-05', 'epoch': '1.323'}
{'loss': '0.3671', 'grad_norm': '0.4147', 'learning_rate': '1.229e-05', 'epoch': '1.332'}
{'loss': '0.3675', 'grad_norm': '0.3873', 'learning_rate': '1.22e-05', 'epoch': '1.34'}
{'loss': '0.3681', 'grad_norm': '0.4496', 'learning_rate': '1.212e-05', 'epoch': '1.348'}
{'loss': '0.3649', 'grad_norm': '0.5014', 'learning_rate': '1.203e-05', 'epoch': '1.356'}
{'loss': '0.3571', 'grad_norm': '0.4927', 'learning_rate': '1.195e-05', 'epoch': '1.364'}
{'loss': '0.3613', 'grad_norm': '0.4239', 'learning_rate': '1.186e-05', 'epoch': '1.372'}
{'loss': '0.3568', 'grad_norm': '0.4467', 'learning_rate': '1.177e-05', 'epoch': '1.38'}
{'loss': '0.3559', 'grad_norm': '0.4738', 'learning_rate': '1.169e-05', 'epoch': '1.388'}
{'loss': '0.3603', 'grad_norm': '0.4189', 'learning_rate': '1.16e-05', 'epoch': '1.396'}
{'loss': '0.3641', 'grad_norm': '0.4113', 'learning_rate': '1.152e-05', 'epoch': '1.404'}
{'loss': '0.3623', 'grad_norm': '0.3948', 'learning_rate': '1.143e-05', 'epoch': '1.412'}
{'loss': '0.3615', 'grad_norm': '0.4257', 'learning_rate': '1.134e-05', 'epoch': '1.42'}
{'loss': '0.3767', 'grad_norm': '0.4361', 'learning_rate': '1.126e-05', 'epoch': '1.428'}
{'loss': '0.3568', 'grad_norm': '0.4115', 'learning_rate': '1.117e-05', 'epoch': '1.436'}
{'loss': '0.3723', 'grad_norm': '0.513', 'learning_rate': '1.109e-05', 'epoch': '1.445'}
{'loss': '0.3667', 'grad_norm': '0.5029', 'learning_rate': '1.1e-05', 'epoch': '1.453'}
{'eval_loss': '0.3672', 'eval_runtime': '391.3', 'eval_samples_per_second': '13.33', 'eval_steps_per_second': '1.669', 'epoch': '1.453'}
{'loss': '0.3701', 'grad_norm': '0.422', 'learning_rate': '1.091e-05', 'epoch': '1.461'}
{'loss': '0.3582', 'grad_norm': '0.4196', 'learning_rate': '1.082e-05', 'epoch': '1.469'}
{'loss': '0.3736', 'grad_norm': '0.4056', 'learning_rate': '1.074e-05', 'epoch': '1.477'}
{'loss': '0.3563', 'grad_norm': '0.3713', 'learning_rate': '1.065e-05', 'epoch': '1.485'}
{'loss': '0.3571', 'grad_norm': '0.4667', 'learning_rate': '1.056e-05', 'epoch': '1.493'}
{'loss': '0.3607', 'grad_norm': '0.4289', 'learning_rate': '1.048e-05', 'epoch': '1.501'}
{'loss': '0.3686', 'grad_norm': '0.4631', 'learning_rate': '1.039e-05', 'epoch': '1.509'}
{'loss': '0.3577', 'grad_norm': '0.3788', 'learning_rate': '1.03e-05', 'epoch': '1.517'}
{'loss': '0.3539', 'grad_norm': '0.4645', 'learning_rate': '1.022e-05', 'epoch': '1.525'}
{'loss': '0.3751', 'grad_norm': '0.451', 'learning_rate': '1.013e-05', 'epoch': '1.533'}
{'loss': '0.3711', 'grad_norm': '0.4726', 'learning_rate': '1.004e-05', 'epoch': '1.541'}
{'loss': '0.3546', 'grad_norm': '0.4215', 'learning_rate': '9.955e-06', 'epoch': '1.549'}
{'loss': '0.3566', 'grad_norm': '0.5193', 'learning_rate': '9.868e-06', 'epoch': '1.558'}
{'loss': '0.3693', 'grad_norm': '0.5516', 'learning_rate': '9.78e-06', 'epoch': '1.566'}
{'loss': '0.363', 'grad_norm': '0.445', 'learning_rate': '9.693e-06', 'epoch': '1.574'}
{'loss': '0.3659', 'grad_norm': '0.3746', 'learning_rate': '9.606e-06', 'epoch': '1.582'}
{'loss': '0.3767', 'grad_norm': '0.4264', 'learning_rate': '9.519e-06', 'epoch': '1.59'}
{'loss': '0.371', 'grad_norm': '0.5275', 'learning_rate': '9.432e-06', 'epoch': '1.598'}
{'loss': '0.3512', 'grad_norm': '0.4405', 'learning_rate': '9.345e-06', 'epoch': '1.606'}
{'loss': '0.3602', 'grad_norm': '0.3857', 'learning_rate': '9.258e-06', 'epoch': '1.614'}
{'eval_loss': '0.3658', 'eval_runtime': '391.3', 'eval_samples_per_second': '13.33', 'eval_steps_per_second': '1.669', 'epoch': '1.614'}
{'loss': '0.3528', 'grad_norm': '0.4892', 'learning_rate': '9.172e-06', 'epoch': '1.622'}
{'loss': '0.3713', 'grad_norm': '0.4413', 'learning_rate': '9.085e-06', 'epoch': '1.63'}
{'loss': '0.367', 'grad_norm': '0.4235', 'learning_rate': '8.998e-06', 'epoch': '1.638'}
{'loss': '0.3568', 'grad_norm': '0.4141', 'learning_rate': '8.911e-06', 'epoch': '1.646'}
{'loss': '0.369', 'grad_norm': '0.4492', 'learning_rate': '8.825e-06', 'epoch': '1.654'}
{'loss': '0.3695', 'grad_norm': '0.4388', 'learning_rate': '8.738e-06', 'epoch': '1.662'}
{'loss': '0.3654', 'grad_norm': '0.5707', 'learning_rate': '8.652e-06', 'epoch': '1.67'}
{'loss': '0.3768', 'grad_norm': '0.4539', 'learning_rate': '8.566e-06', 'epoch': '1.679'}
{'loss': '0.3709', 'grad_norm': '0.45', 'learning_rate': '8.48e-06', 'epoch': '1.687'}
{'loss': '0.3647', 'grad_norm': '0.4767', 'learning_rate': '8.394e-06', 'epoch': '1.695'}
{'loss': '0.3719', 'grad_norm': '0.4982', 'learning_rate': '8.308e-06', 'epoch': '1.703'}
{'loss': '0.3715', 'grad_norm': '0.4655', 'learning_rate': '8.222e-06', 'epoch': '1.711'}
{'loss': '0.3682', 'grad_norm': '0.4281', 'learning_rate': '8.136e-06', 'epoch': '1.719'}
{'loss': '0.3511', 'grad_norm': '0.4731', 'learning_rate': '8.051e-06', 'epoch': '1.727'}
{'loss': '0.3655', 'grad_norm': '0.4718', 'learning_rate': '7.965e-06', 'epoch': '1.735'}
{'loss': '0.3597', 'grad_norm': '0.5079', 'learning_rate': '7.88e-06', 'epoch': '1.743'}
{'loss': '0.36', 'grad_norm': '0.4994', 'learning_rate': '7.795e-06', 'epoch': '1.751'}
{'loss': '0.3607', 'grad_norm': '0.4355', 'learning_rate': '7.71e-06', 'epoch': '1.759'}
{'loss': '0.3791', 'grad_norm': '0.5076', 'learning_rate': '7.625e-06', 'epoch': '1.767'}
{'loss': '0.3609', 'grad_norm': '0.4783', 'learning_rate': '7.541e-06', 'epoch': '1.775'}
{'eval_loss': '0.3661', 'eval_runtime': '391.1', 'eval_samples_per_second': '13.34', 'eval_steps_per_second': '1.669', 'epoch': '1.775'}
{'loss': '0.3689', 'grad_norm': '0.462', 'learning_rate': '7.456e-06', 'epoch': '1.783'}
{'loss': '0.3601', 'grad_norm': '0.4535', 'learning_rate': '7.372e-06', 'epoch': '1.792'}
{'loss': '0.361', 'grad_norm': '0.435', 'learning_rate': '7.288e-06', 'epoch': '1.8'}
{'loss': '0.369', 'grad_norm': '0.4371', 'learning_rate': '7.205e-06', 'epoch': '1.808'}
{'loss': '0.3765', 'grad_norm': '0.4664', 'learning_rate': '7.121e-06', 'epoch': '1.816'}
{'loss': '0.3527', 'grad_norm': '0.5016', 'learning_rate': '7.038e-06', 'epoch': '1.824'}
{'loss': '0.3652', 'grad_norm': '0.4459', 'learning_rate': '6.955e-06', 'epoch': '1.832'}
{'loss': '0.3685', 'grad_norm': '0.5034', 'learning_rate': '6.872e-06', 'epoch': '1.84'}
{'loss': '0.3713', 'grad_norm': '0.5004', 'learning_rate': '6.789e-06', 'epoch': '1.848'}
{'loss': '0.3609', 'grad_norm': '0.4676', 'learning_rate': '6.707e-06', 'epoch': '1.856'}
{'loss': '0.3536', 'grad_norm': '0.4495', 'learning_rate': '6.625e-06', 'epoch': '1.864'}
{'loss': '0.3577', 'grad_norm': '0.5085', 'learning_rate': '6.543e-06', 'epoch': '1.872'}
{'loss': '0.3642', 'grad_norm': '0.512', 'learning_rate': '6.461e-06', 'epoch': '1.88'}
{'loss': '0.3655', 'grad_norm': '0.446', 'learning_rate': '6.38e-06', 'epoch': '1.888'}
{'loss': '0.3683', 'grad_norm': '0.4579', 'learning_rate': '6.299e-06', 'epoch': '1.896'}
{'loss': '0.3514', 'grad_norm': '0.4868', 'learning_rate': '6.218e-06', 'epoch': '1.905'}
{'loss': '0.3621', 'grad_norm': '0.4152', 'learning_rate': '6.137e-06', 'epoch': '1.913'}
{'loss': '0.3607', 'grad_norm': '0.471', 'learning_rate': '6.057e-06', 'epoch': '1.921'}
{'loss': '0.348', 'grad_norm': '0.548', 'learning_rate': '5.977e-06', 'epoch': '1.929'}
{'loss': '0.3702', 'grad_norm': '0.4898', 'learning_rate': '5.898e-06', 'epoch': '1.937'}
{'eval_loss': '0.3652', 'eval_runtime': '391.3', 'eval_samples_per_second': '13.33', 'eval_steps_per_second': '1.669', 'epoch': '1.937'}
{'loss': '0.3701', 'grad_norm': '0.505', 'learning_rate': '5.818e-06', 'epoch': '1.945'}
{'loss': '0.3733', 'grad_norm': '0.4568', 'learning_rate': '5.739e-06', 'epoch': '1.953'}
{'loss': '0.3627', 'grad_norm': '0.494', 'learning_rate': '5.661e-06', 'epoch': '1.961'}
{'loss': '0.3639', 'grad_norm': '0.4552', 'learning_rate': '5.582e-06', 'epoch': '1.969'}
{'loss': '0.3488', 'grad_norm': '0.4776', 'learning_rate': '5.504e-06', 'epoch': '1.977'}
{'loss': '0.3625', 'grad_norm': '0.5505', 'learning_rate': '5.427e-06', 'epoch': '1.985'}
{'loss': '0.3414', 'grad_norm': '0.486', 'learning_rate': '5.349e-06', 'epoch': '1.993'}
{'loss': '0.3544', 'grad_norm': '0.4774', 'learning_rate': '5.272e-06', 'epoch': '2.001'}
{'loss': '0.3503', 'grad_norm': '0.5184', 'learning_rate': '5.196e-06', 'epoch': '2.009'}
{'loss': '0.3619', 'grad_norm': '0.5497', 'learning_rate': '5.12e-06', 'epoch': '2.017'}
{'loss': '0.3602', 'grad_norm': '0.5006', 'learning_rate': '5.044e-06', 'epoch': '2.026'}
{'loss': '0.3628', 'grad_norm': '0.5496', 'learning_rate': '4.968e-06', 'epoch': '2.034'}
{'loss': '0.3532', 'grad_norm': '0.4777', 'learning_rate': '4.893e-06', 'epoch': '2.042'}
{'loss': '0.3547', 'grad_norm': '0.4476', 'learning_rate': '4.819e-06', 'epoch': '2.05'}
{'loss': '0.3661', 'grad_norm': '0.5579', 'learning_rate': '4.744e-06', 'epoch': '2.058'}
{'loss': '0.3591', 'grad_norm': '0.4913', 'learning_rate': '4.67e-06', 'epoch': '2.066'}
{'loss': '0.3459', 'grad_norm': '0.5476', 'learning_rate': '4.597e-06', 'epoch': '2.074'}
{'loss': '0.3509', 'grad_norm': '0.5726', 'learning_rate': '4.524e-06', 'epoch': '2.082'}
{'loss': '0.3598', 'grad_norm': '0.5282', 'learning_rate': '4.451e-06', 'epoch': '2.09'}
{'loss': '0.3524', 'grad_norm': '0.5235', 'learning_rate': '4.379e-06', 'epoch': '2.098'}
{'eval_loss': '0.3654', 'eval_runtime': '391.2', 'eval_samples_per_second': '13.34', 'eval_steps_per_second': '1.669', 'epoch': '2.098'}
{'loss': '0.3556', 'grad_norm': '0.498', 'learning_rate': '4.307e-06', 'epoch': '2.106'}
{'loss': '0.3711', 'grad_norm': '0.4718', 'learning_rate': '4.235e-06', 'epoch': '2.114'}
{'loss': '0.3554', 'grad_norm': '0.582', 'learning_rate': '4.165e-06', 'epoch': '2.122'}
{'loss': '0.3534', 'grad_norm': '0.5112', 'learning_rate': '4.094e-06', 'epoch': '2.13'}
{'loss': '0.3729', 'grad_norm': '0.5694', 'learning_rate': '4.024e-06', 'epoch': '2.138'}
{'loss': '0.3673', 'grad_norm': '0.5288', 'learning_rate': '3.954e-06', 'epoch': '2.147'}
{'loss': '0.3526', 'grad_norm': '0.4796', 'learning_rate': '3.885e-06', 'epoch': '2.155'}
{'loss': '0.3667', 'grad_norm': '0.4789', 'learning_rate': '3.816e-06', 'epoch': '2.163'}
{'loss': '0.3566', 'grad_norm': '0.5831', 'learning_rate': '3.748e-06', 'epoch': '2.171'}
{'loss': '0.3655', 'grad_norm': '0.531', 'learning_rate': '3.68e-06', 'epoch': '2.179'}
{'loss': '0.3482', 'grad_norm': '0.427', 'learning_rate': '3.613e-06', 'epoch': '2.187'}
{'loss': '0.3514', 'grad_norm': '0.4812', 'learning_rate': '3.546e-06', 'epoch': '2.195'}
{'loss': '0.3642', 'grad_norm': '0.5734', 'learning_rate': '3.48e-06', 'epoch': '2.203'}
{'loss': '0.3615', 'grad_norm': '0.5498', 'learning_rate': '3.414e-06', 'epoch': '2.211'}
{'loss': '0.3422', 'grad_norm': '0.6492', 'learning_rate': '3.349e-06', 'epoch': '2.219'}
{'loss': '0.3468', 'grad_norm': '0.5435', 'learning_rate': '3.284e-06', 'epoch': '2.227'}
{'loss': '0.3491', 'grad_norm': '0.3902', 'learning_rate': '3.22e-06', 'epoch': '2.235'}
{'loss': '0.3487', 'grad_norm': '0.4265', 'learning_rate': '3.156e-06', 'epoch': '2.243'}
{'loss': '0.3536', 'grad_norm': '0.5259', 'learning_rate': '3.093e-06', 'epoch': '2.251'}
{'loss': '0.3396', 'grad_norm': '0.5546', 'learning_rate': '3.03e-06', 'epoch': '2.26'}
{'eval_loss': '0.3656', 'eval_runtime': '391.2', 'eval_samples_per_second': '13.34', 'eval_steps_per_second': '1.669', 'epoch': '2.26'}
{'loss': '0.355', 'grad_norm': '0.52', 'learning_rate': '2.968e-06', 'epoch': '2.268'}
{'loss': '0.3658', 'grad_norm': '0.5757', 'learning_rate': '2.906e-06', 'epoch': '2.276'}
{'loss': '0.3662', 'grad_norm': '0.598', 'learning_rate': '2.845e-06', 'epoch': '2.284'}
{'loss': '0.3656', 'grad_norm': '0.7187', 'learning_rate': '2.784e-06', 'epoch': '2.292'}
{'loss': '0.3634', 'grad_norm': '0.4925', 'learning_rate': '2.724e-06', 'epoch': '2.3'}
{'loss': '0.3576', 'grad_norm': '0.532', 'learning_rate': '2.665e-06', 'epoch': '2.308'}
{'loss': '0.3643', 'grad_norm': '0.4492', 'learning_rate': '2.606e-06', 'epoch': '2.316'}
{'loss': '0.3525', 'grad_norm': '0.58', 'learning_rate': '2.548e-06', 'epoch': '2.324'}
{'loss': '0.3518', 'grad_norm': '0.5426', 'learning_rate': '2.49e-06', 'epoch': '2.332'}
{'loss': '0.3455', 'grad_norm': '0.5426', 'learning_rate': '2.433e-06', 'epoch': '2.34'}
{'loss': '0.3532', 'grad_norm': '0.5091', 'learning_rate': '2.376e-06', 'epoch': '2.348'}
{'loss': '0.3528', 'grad_norm': '0.5791', 'learning_rate': '2.32e-06', 'epoch': '2.356'}
{'loss': '0.3559', 'grad_norm': '0.5712', 'learning_rate': '2.264e-06', 'epoch': '2.364'}
{'loss': '0.3546', 'grad_norm': '0.4873', 'learning_rate': '2.209e-06', 'epoch': '2.373'}
{'loss': '0.3441', 'grad_norm': '0.5552', 'learning_rate': '2.155e-06', 'epoch': '2.381'}
{'loss': '0.3605', 'grad_norm': '0.5722', 'learning_rate': '2.101e-06', 'epoch': '2.389'}
{'loss': '0.3674', 'grad_norm': '0.5407', 'learning_rate': '2.048e-06', 'epoch': '2.397'}
{'loss': '0.3526', 'grad_norm': '0.5291', 'learning_rate': '1.996e-06', 'epoch': '2.405'}
{'loss': '0.37', 'grad_norm': '0.5249', 'learning_rate': '1.944e-06', 'epoch': '2.413'}
{'loss': '0.3492', 'grad_norm': '0.5195', 'learning_rate': '1.892e-06', 'epoch': '2.421'}
{'eval_loss': '0.3648', 'eval_runtime': '390.5', 'eval_samples_per_second': '13.36', 'eval_steps_per_second': '1.672', 'epoch': '2.421'}
{'loss': '0.3576', 'grad_norm': '0.4834', 'learning_rate': '1.842e-06', 'epoch': '2.429'}
{'loss': '0.3467', 'grad_norm': '0.5122', 'learning_rate': '1.792e-06', 'epoch': '2.437'}
{'loss': '0.3555', 'grad_norm': '0.5029', 'learning_rate': '1.742e-06', 'epoch': '2.445'}
{'loss': '0.3499', 'grad_norm': '0.5851', 'learning_rate': '1.693e-06', 'epoch': '2.453'}
{'loss': '0.3428', 'grad_norm': '0.5109', 'learning_rate': '1.645e-06', 'epoch': '2.461'}
{'loss': '0.3499', 'grad_norm': '0.4762', 'learning_rate': '1.598e-06', 'epoch': '2.469'}
{'loss': '0.3528', 'grad_norm': '0.4956', 'learning_rate': '1.551e-06', 'epoch': '2.477'}
{'loss': '0.3585', 'grad_norm': '0.5328', 'learning_rate': '1.504e-06', 'epoch': '2.486'}
{'loss': '0.3507', 'grad_norm': '0.4813', 'learning_rate': '1.459e-06', 'epoch': '2.494'}
{'loss': '0.357', 'grad_norm': '0.6272', 'learning_rate': '1.414e-06', 'epoch': '2.502'}
{'loss': '0.3454', 'grad_norm': '0.4903', 'learning_rate': '1.37e-06', 'epoch': '2.51'}
{'loss': '0.3473', 'grad_norm': '0.5483', 'learning_rate': '1.326e-06', 'epoch': '2.518'}
{'loss': '0.3543', 'grad_norm': '0.5239', 'learning_rate': '1.283e-06', 'epoch': '2.526'}
{'loss': '0.3556', 'grad_norm': '0.5372', 'learning_rate': '1.24e-06', 'epoch': '2.534'}
{'loss': '0.3453', 'grad_norm': '0.5237', 'learning_rate': '1.199e-06', 'epoch': '2.542'}
{'loss': '0.347', 'grad_norm': '0.5466', 'learning_rate': '1.158e-06', 'epoch': '2.55'}
{'loss': '0.3497', 'grad_norm': '0.6501', 'learning_rate': '1.117e-06', 'epoch': '2.558'}
{'loss': '0.3484', 'grad_norm': '0.4936', 'learning_rate': '1.078e-06', 'epoch': '2.566'}
{'loss': '0.3521', 'grad_norm': '0.5223', 'learning_rate': '1.039e-06', 'epoch': '2.574'}
{'loss': '0.3614', 'grad_norm': '0.5347', 'learning_rate': '1e-06', 'epoch': '2.582'}
{'eval_loss': '0.3633', 'eval_runtime': '391.4', 'eval_samples_per_second': '13.33', 'eval_steps_per_second': '1.668', 'epoch': '2.582'}
{'loss': '0.3493', 'grad_norm': '0.4726', 'learning_rate': '9.627e-07', 'epoch': '2.59'}
{'loss': '0.3432', 'grad_norm': '0.4984', 'learning_rate': '9.258e-07', 'epoch': '2.598'}
{'loss': '0.3547', 'grad_norm': '0.5933', 'learning_rate': '8.895e-07', 'epoch': '2.607'}
{'loss': '0.3629', 'grad_norm': '0.435', 'learning_rate': '8.539e-07', 'epoch': '2.615'}
{'loss': '0.3643', 'grad_norm': '0.5108', 'learning_rate': '8.191e-07', 'epoch': '2.623'}
{'loss': '0.3523', 'grad_norm': '0.5669', 'learning_rate': '7.849e-07', 'epoch': '2.631'}
{'loss': '0.3587', 'grad_norm': '0.5177', 'learning_rate': '7.514e-07', 'epoch': '2.639'}
{'loss': '0.3586', 'grad_norm': '0.4856', 'learning_rate': '7.186e-07', 'epoch': '2.647'}
{'loss': '0.3586', 'grad_norm': '0.4591', 'learning_rate': '6.865e-07', 'epoch': '2.655'}
{'loss': '0.366', 'grad_norm': '0.4726', 'learning_rate': '6.552e-07', 'epoch': '2.663'}
{'loss': '0.3451', 'grad_norm': '0.6829', 'learning_rate': '6.245e-07', 'epoch': '2.671'}
{'loss': '0.3546', 'grad_norm': '0.5482', 'learning_rate': '5.946e-07', 'epoch': '2.679'}
{'loss': '0.3467', 'grad_norm': '0.4587', 'learning_rate': '5.653e-07', 'epoch': '2.687'}
{'loss': '0.3711', 'grad_norm': '0.5239', 'learning_rate': '5.368e-07', 'epoch': '2.695'}
{'loss': '0.3674', 'grad_norm': '0.4993', 'learning_rate': '5.09e-07', 'epoch': '2.703'}
{'loss': '0.3727', 'grad_norm': '0.5637', 'learning_rate': '4.819e-07', 'epoch': '2.711'}
{'loss': '0.354', 'grad_norm': '0.5083', 'learning_rate': '4.556e-07', 'epoch': '2.72'}
{'loss': '0.3528', 'grad_norm': '0.5636', 'learning_rate': '4.299e-07', 'epoch': '2.728'}
{'loss': '0.3593', 'grad_norm': '0.4641', 'learning_rate': '4.05e-07', 'epoch': '2.736'}
{'loss': '0.3572', 'grad_norm': '0.4973', 'learning_rate': '3.808e-07', 'epoch': '2.744'}
{'eval_loss': '0.3642', 'eval_runtime': '392.2', 'eval_samples_per_second': '13.3', 'eval_steps_per_second': '1.665', 'epoch': '2.744'}
{'loss': '0.3469', 'grad_norm': '0.5166', 'learning_rate': '3.574e-07', 'epoch': '2.752'}
{'loss': '0.3569', 'grad_norm': '0.5365', 'learning_rate': '3.347e-07', 'epoch': '2.76'}
{'loss': '0.3532', 'grad_norm': '0.5981', 'learning_rate': '3.127e-07', 'epoch': '2.768'}
{'loss': '0.3643', 'grad_norm': '0.6666', 'learning_rate': '2.914e-07', 'epoch': '2.776'}
{'loss': '0.3597', 'grad_norm': '0.4726', 'learning_rate': '2.709e-07', 'epoch': '2.784'}
{'loss': '0.361', 'grad_norm': '0.5886', 'learning_rate': '2.512e-07', 'epoch': '2.792'}
{'loss': '0.3584', 'grad_norm': '0.5168', 'learning_rate': '2.321e-07', 'epoch': '2.8'}
{'loss': '0.3647', 'grad_norm': '0.5905', 'learning_rate': '2.138e-07', 'epoch': '2.808'}
{'loss': '0.3536', 'grad_norm': '0.4513', 'learning_rate': '1.963e-07', 'epoch': '2.816'}
{'loss': '0.3468', 'grad_norm': '0.6536', 'learning_rate': '1.795e-07', 'epoch': '2.824'}
{'loss': '0.3528', 'grad_norm': '0.5516', 'learning_rate': '1.634e-07', 'epoch': '2.833'}
{'loss': '0.3637', 'grad_norm': '0.4586', 'learning_rate': '1.481e-07', 'epoch': '2.841'}
{'loss': '0.366', 'grad_norm': '0.6058', 'learning_rate': '1.335e-07', 'epoch': '2.849'}
{'loss': '0.3473', 'grad_norm': '0.471', 'learning_rate': '1.197e-07', 'epoch': '2.857'}
{'loss': '0.3381', 'grad_norm': '0.6566', 'learning_rate': '1.067e-07', 'epoch': '2.865'}
{'loss': '0.3539', 'grad_norm': '0.5627', 'learning_rate': '9.435e-08', 'epoch': '2.873'}
{'loss': '0.3543', 'grad_norm': '0.6526', 'learning_rate': '8.279e-08', 'epoch': '2.881'}
{'loss': '0.3761', 'grad_norm': '0.6594', 'learning_rate': '7.198e-08', 'epoch': '2.889'}
{'loss': '0.3677', 'grad_norm': '0.6181', 'learning_rate': '6.192e-08', 'epoch': '2.897'}
{'loss': '0.3649', 'grad_norm': '0.4861', 'learning_rate': '5.262e-08', 'epoch': '2.905'}
{'eval_loss': '0.3643', 'eval_runtime': '394.3', 'eval_samples_per_second': '13.23', 'eval_steps_per_second': '1.656', 'epoch': '2.905'}
{'loss': '0.3451', 'grad_norm': '0.4767', 'learning_rate': '4.407e-08', 'epoch': '2.913'}
{'loss': '0.3604', 'grad_norm': '0.5442', 'learning_rate': '3.628e-08', 'epoch': '2.921'}
{'loss': '0.3445', 'grad_norm': '0.5468', 'learning_rate': '2.924e-08', 'epoch': '2.929'}
{'loss': '0.3536', 'grad_norm': '0.5716', 'learning_rate': '2.296e-08', 'epoch': '2.937'}
{'loss': '0.3601', 'grad_norm': '0.5485', 'learning_rate': '1.744e-08', 'epoch': '2.946'}
{'loss': '0.3632', 'grad_norm': '0.5885', 'learning_rate': '1.268e-08', 'epoch': '2.954'}
{'loss': '0.3585', 'grad_norm': '0.5475', 'learning_rate': '8.67e-09', 'epoch': '2.962'}
{'loss': '0.3598', 'grad_norm': '0.4385', 'learning_rate': '5.422e-09', 'epoch': '2.97'}
{'loss': '0.3547', 'grad_norm': '0.6848', 'learning_rate': '2.933e-09', 'epoch': '2.978'}
{'loss': '0.348', 'grad_norm': '0.5487', 'learning_rate': '1.202e-09', 'epoch': '2.986'}
{'loss': '0.3555', 'grad_norm': '0.6903', 'learning_rate': '2.309e-10', 'epoch': '2.994'}
{'eval_loss': '0.3644', 'eval_runtime': '393.3', 'eval_samples_per_second': '13.27', 'eval_steps_per_second': '1.66', 'epoch': '3'}
{'train_runtime': '7.881e+04', 'train_samples_per_second': '3.773', 'train_steps_per_second': '0.236', 'train_loss': '0.3688', 'epoch': '3'}
